# JRE version: OpenJDK Runtime Environment (11.0.11+9) (build 11.0.11+9-b60-7590822)
# Java VM: OpenJDK 64-Bit Server VM (11.0.11+9-b60-7590822, mixed mode, tiered, compressed oops, g1 gc, windows-amd64)
Heap:
 garbage-first heap   total 393216K, used 183369K [0x0000000080000000, 0x0000000100000000)
  region size 1024K, 144 young (147456K), 18 survivors (18432K)
 Metaspace       used 47482K, capacity 48751K, committed 48844K, reserved 1091584K
  class space    used 6108K, capacity 6575K, committed 6604K, reserved 1048576K
GC Heap History (16 events):
Event: 1.073 GC heap before
{Heap before GC invocations=0 (full 0):
 garbage-first heap   total 393216K, used 29696K [0x0000000080000000, 0x0000000100000000)
  region size 1024K, 24 young (24576K), 0 survivors (0K)
 Metaspace       used 10212K, capacity 10423K, committed 10624K, reserved 1058816K
  class space    used 1066K, capacity 1141K, committed 1152K, reserved 1048576K
}
Event: 1.078 GC heap after
{Heap after GC invocations=1 (full 0):
 garbage-first heap   total 393216K, used 9458K [0x0000000080000000, 0x0000000100000000)
  region size 1024K, 3 young (3072K), 3 survivors (3072K)
 Metaspace       used 10212K, capacity 10423K, committed 10624K, reserved 1058816K
  class space    used 1066K, capacity 1141K, committed 1152K, reserved 1048576K
}
Event: 3.367 GC heap before
{Heap before GC invocations=1 (full 0):
 garbage-first heap   total 393216K, used 104690K [0x0000000080000000, 0x0000000100000000)
  region size 1024K, 97 young (99328K), 3 survivors (3072K)
 Metaspace       used 20549K, capacity 21087K, committed 21248K, reserved 1067008K
  class space    used 2506K, capacity 2701K, committed 2816K, reserved 1048576K
}
Event: 3.374 GC heap after
{Heap after GC invocations=2 (full 0):
 garbage-first heap   total 393216K, used 16492K [0x0000000080000000, 0x0000000100000000)
  region size 1024K, 10 young (10240K), 10 survivors (10240K)
 Metaspace       used 20549K, capacity 21087K, committed 21248K, reserved 1067008K
  class space    used 2506K, capacity 2701K, committed 2816K, reserved 1048576K
}
Event: 3.556 GC heap before
{Heap before GC invocations=3 (full 0):
 garbage-first heap   total 393216K, used 37996K [0x0000000080000000, 0x0000000100000000)
  region size 1024K, 31 young (31744K), 10 survivors (10240K)
 Metaspace       used 22303K, capacity 22897K, committed 23040K, reserved 1069056K
  class space    used 2840K, capacity 3053K, committed 3072K, reserved 1048576K
}
Event: 3.562 GC heap after
{Heap after GC invocations=4 (full 0):
 garbage-first heap   total 393216K, used 17919K [0x0000000080000000, 0x0000000100000000)
  region size 1024K, 1 young (1024K), 1 survivors (1024K)
 Metaspace       used 22303K, capacity 22897K, committed 23040K, reserved 1069056K
  class space    used 2840K, capacity 3053K, committed 3072K, reserved 1048576K
}
Event: 4.935 GC heap before
{Heap before GC invocations=4 (full 0):
 garbage-first heap   total 393216K, used 103935K [0x0000000080000000, 0x0000000100000000)
  region size 1024K, 76 young (77824K), 1 survivors (1024K)
 Metaspace       used 29843K, capacity 30701K, committed 30976K, reserved 1075200K
  class space    used 4005K, capacity 4310K, committed 4352K, reserved 1048576K
}
Event: 4.938 GC heap after
{Heap after GC invocations=5 (full 0):
 garbage-first heap   total 393216K, used 33089K [0x0000000080000000, 0x0000000100000000)
  region size 1024K, 7 young (7168K), 7 survivors (7168K)
 Metaspace       used 29843K, capacity 30701K, committed 30976K, reserved 1075200K
  class space    used 4005K, capacity 4310K, committed 4352K, reserved 1048576K
}
Event: 5.423 GC heap before
{Heap before GC invocations=5 (full 0):
 garbage-first heap   total 393216K, used 75073K [0x0000000080000000, 0x0000000100000000)
  region size 1024K, 49 young (50176K), 7 survivors (7168K)
 Metaspace       used 34805K, capacity 35797K, committed 35840K, reserved 1081344K
  class space    used 4606K, capacity 4965K, committed 4992K, reserved 1048576K
}
Event: 5.435 GC heap after
{Heap after GC invocations=6 (full 0):
 garbage-first heap   total 393216K, used 35794K [0x0000000080000000, 0x0000000100000000)
  region size 1024K, 10 young (10240K), 10 survivors (10240K)
 Metaspace       used 34805K, capacity 35797K, committed 35840K, reserved 1081344K
  class space    used 4606K, capacity 4965K, committed 4992K, reserved 1048576K
}
Event: 7.071 GC heap before
{Heap before GC invocations=7 (full 0):
 garbage-first heap   total 393216K, used 156626K [0x0000000080000000, 0x0000000100000000)
  region size 1024K, 116 young (118784K), 10 survivors (10240K)
 Metaspace       used 47297K, capacity 48559K, committed 48588K, reserved 1091584K
  class space    used 6107K, capacity 6575K, committed 6604K, reserved 1048576K
}
Event: 7.082 GC heap after
{Heap after GC invocations=8 (full 0):
 garbage-first heap   total 393216K, used 49238K [0x0000000080000000, 0x0000000100000000)
  region size 1024K, 11 young (11264K), 11 survivors (11264K)
 Metaspace       used 47297K, capacity 48559K, committed 48588K, reserved 1091584K
  class space    used 6107K, capacity 6575K, committed 6604K, reserved 1048576K
}
Event: 8.223 GC heap before
{Heap before GC invocations=8 (full 0):
 garbage-first heap   total 393216K, used 273494K [0x0000000080000000, 0x0000000100000000)
  region size 1024K, 230 young (235520K), 11 survivors (11264K)
 Metaspace       used 47468K, capacity 48751K, committed 48844K, reserved 1091584K
  class space    used 6108K, capacity 6575K, committed 6604K, reserved 1048576K
}
Event: 8.230 GC heap after
{Heap after GC invocations=9 (full 0):
 garbage-first heap   total 393216K, used 48454K [0x0000000080000000, 0x0000000100000000)
  region size 1024K, 12 young (12288K), 12 survivors (12288K)
 Metaspace       used 47468K, capacity 48751K, committed 48844K, reserved 1091584K
  class space    used 6108K, capacity 6575K, committed 6604K, reserved 1048576K
}
Event: 9.417 GC heap before
{Heap before GC invocations=9 (full 0):
 garbage-first heap   total 393216K, used 272710K [0x0000000080000000, 0x0000000100000000)
  region size 1024K, 230 young (235520K), 12 survivors (12288K)
 Metaspace       used 47482K, capacity 48751K, committed 48844K, reserved 1091584K
  class space    used 6108K, capacity 6575K, committed 6604K, reserved 1048576K
}
Event: 9.427 GC heap after
{Heap after GC invocations=10 (full 0):
 garbage-first heap   total 393216K, used 55369K [0x0000000080000000, 0x0000000100000000)
  region size 1024K, 18 young (18432K), 18 survivors (18432K)
 Metaspace       used 47482K, capacity 48751K, committed 48844K, reserved 1091584K
  class space    used 6108K, capacity 6575K, committed 6604K, reserved 1048576K
}

